2022-06-19T18:32:57.199355 I/O error on POST request for "http://localhost:8080/login": Connection refused: connect; nested exception is java.net.ConnectException: Connection refused: connect
2022-06-19T18:52:18.5552525 401 : [no body]
2022-06-19T18:52:38.3601608 400 : [{"timestamp":"2022-06-19T23:52:38.343+00:00","status":400,"error":"Bad Request","trace":"org.springframework.web.bind.MethodArgumentNotValidException: Validation failed for argument [0] in public void... (10230 bytes)]
2022-06-19T18:52:42.5922932 401 : [no body]
2022-06-19T18:52:46.5402311 401 : [no body]
2022-06-19T18:53:12.5370708 500 : [{"timestamp":"2022-06-19T23:53:12.533+00:00","status":500,"error":"Internal Server Error","trace":"org.springframework.dao.DataIntegrityViolationException: could not execute statement; SQL [n/a]; cons... (17680 bytes)]
2022-06-19T19:56:18.6300023 500 : [{"timestamp":"2022-06-20T00:56:18.302+00:00","status":500,"error":"Internal Server Error","trace":"org.springframework.dao.DataIntegrityViolationException: could not execute statement; SQL [n/a]; cons... (17680 bytes)]
2022-06-19T19:59:39.5821509 500 : [{"timestamp":"2022-06-20T00:59:39.564+00:00","status":500,"error":"Internal Server Error","trace":"org.springframework.dao.DataIntegrityViolationException: could not execute statement; SQL [n/a]; cons... (17566 bytes)]
2022-06-19T20:03:11.7469111 500 : [{"timestamp":"2022-06-20T01:03:11.730+00:00","status":500,"error":"Internal Server Error","trace":"java.lang.NullPointerException: Cannot invoke \"com.techelevator.tenmo.model.Account.getBalance()\" b... (10196 bytes)]
2022-06-19T20:05:51.9323144 400 : [{"timestamp":"2022-06-20T01:05:51.885+00:00","status":400,"error":"Bad Request","trace":"org.springframework.web.server.ResponseStatusException: 400 BAD_REQUEST \"User registration failed.\"\r\n\tat c... (8682 bytes)]
2022-06-19T20:32:17.6481954 Error while extracting response for type [class java.lang.Boolean] and content type [application/json]; nested exception is org.springframework.http.converter.HttpMessageNotReadableException: JSON parse error: Cannot deserialize instance of `java.lang.Boolean` out of VALUE_NUMBER_FLOAT token; nested exception is com.fasterxml.jackson.databind.exc.MismatchedInputException: Cannot deserialize instance of `java.lang.Boolean` out of VALUE_NUMBER_FLOAT token
 at [Source: (PushbackInputStream); line: 1, column: 1]
2022-06-19T20:37:03.181422 Error while extracting response for type [class java.lang.Boolean] and content type [application/json]; nested exception is org.springframework.http.converter.HttpMessageNotReadableException: JSON parse error: Cannot deserialize instance of `java.lang.Boolean` out of VALUE_NUMBER_FLOAT token; nested exception is com.fasterxml.jackson.databind.exc.MismatchedInputException: Cannot deserialize instance of `java.lang.Boolean` out of VALUE_NUMBER_FLOAT token
 at [Source: (PushbackInputStream); line: 1, column: 1]
2022-06-19T20:40:18.7811617 401 : [no body]
2022-06-19T20:40:33.1590479 401 : [no body]
2022-06-19T20:41:02.9010279 Error while extracting response for type [class java.lang.Boolean] and content type [application/json]; nested exception is org.springframework.http.converter.HttpMessageNotReadableException: JSON parse error: Cannot deserialize instance of `java.lang.Boolean` out of VALUE_NUMBER_FLOAT token; nested exception is com.fasterxml.jackson.databind.exc.MismatchedInputException: Cannot deserialize instance of `java.lang.Boolean` out of VALUE_NUMBER_FLOAT token
 at [Source: (PushbackInputStream); line: 1, column: 1]
2022-06-19T20:46:50.762 Error while extracting response for type [class java.lang.Boolean] and content type [application/json]; nested exception is org.springframework.http.converter.HttpMessageNotReadableException: JSON parse error: Cannot deserialize instance of `java.lang.Boolean` out of VALUE_NUMBER_FLOAT token; nested exception is com.fasterxml.jackson.databind.exc.MismatchedInputException: Cannot deserialize instance of `java.lang.Boolean` out of VALUE_NUMBER_FLOAT token
 at [Source: (PushbackInputStream); line: 1, column: 1]
2022-06-19T20:55:57.1057176 401 : [no body]
2022-06-19T21:37:51.4810715 500 : [{"timestamp":"2022-06-20T02:37:51.323+00:00","status":500,"error":"Internal Server Error","trace":"org.springframework.web.bind.MissingPathVariableException: Missing URI template variable 'transferId'... (8956 bytes)]
2022-06-19T21:39:41.0940512 500 : [{"timestamp":"2022-06-20T02:39:41.072+00:00","status":500,"error":"Internal Server Error","trace":"org.springframework.web.bind.MissingPathVariableException: Missing URI template variable 'transferId'... (8956 bytes)]
2022-06-19T21:41:29.6718983 500 : [{"timestamp":"2022-06-20T02:41:29.649+00:00","status":500,"error":"Internal Server Error","trace":"org.springframework.web.bind.MissingPathVariableException: Missing URI template variable 'transferId'... (8956 bytes)]
2022-06-19T21:43:00.3168561 500 : [{"timestamp":"2022-06-20T02:43:00.184+00:00","status":500,"error":"Internal Server Error","trace":"org.springframework.web.bind.MissingPathVariableException: Missing URI template variable 'transferId'... (8956 bytes)]
2022-06-19T21:45:12.2221308 500 : [{"timestamp":"2022-06-20T02:45:12.161+00:00","status":500,"error":"Internal Server Error","trace":"org.springframework.web.bind.MissingPathVariableException: Missing URI template variable 'transferId'... (8956 bytes)]
2022-06-19T21:53:43.9627028 401 : [no body]
